2020-04-06 11:26:11,041 CRIT Supervisor is running as root.  Privileges were not dropped because no user is specified in the config file.  If you intend to run as root, you can set user=root in the config file to avoid this message.
2020-04-06 11:26:11,050 INFO supervisord started with pid 1
2020-04-06 11:26:12,053 INFO spawned: 'nginx' with pid 7
2020-04-06 11:26:12,058 INFO spawned: 'php-fpm' with pid 8
2020-04-06 11:26:13,169 INFO success: nginx entered RUNNING state, process has stayed up for > than 1 seconds (startsecs)
2020-04-06 11:26:13,170 INFO success: php-fpm entered RUNNING state, process has stayed up for > than 1 seconds (startsecs)
2020-04-07 10:33:26,138 CRIT Supervisor is running as root.  Privileges were not dropped because no user is specified in the config file.  If you intend to run as root, you can set user=root in the config file to avoid this message.
2020-04-07 10:33:26,144 INFO supervisord started with pid 1
2020-04-07 10:33:27,148 INFO spawned: 'nginx' with pid 7
2020-04-07 10:33:27,154 INFO spawned: 'php-fpm' with pid 8
2020-04-07 10:33:28,284 INFO success: nginx entered RUNNING state, process has stayed up for > than 1 seconds (startsecs)
2020-04-07 10:33:28,285 INFO success: php-fpm entered RUNNING state, process has stayed up for > than 1 seconds (startsecs)
2020-04-07 10:54:10,896 CRIT Supervisor is running as root.  Privileges were not dropped because no user is specified in the config file.  If you intend to run as root, you can set user=root in the config file to avoid this message.
2020-04-07 10:54:10,902 INFO supervisord started with pid 1
2020-04-07 10:54:11,905 INFO spawned: 'nginx' with pid 7
2020-04-07 10:54:11,913 INFO spawned: 'php-fpm' with pid 8
2020-04-07 10:54:13,037 INFO success: nginx entered RUNNING state, process has stayed up for > than 1 seconds (startsecs)
2020-04-07 10:54:13,037 INFO success: php-fpm entered RUNNING state, process has stayed up for > than 1 seconds (startsecs)
2020-04-07 11:29:29,836 CRIT Supervisor is running as root.  Privileges were not dropped because no user is specified in the config file.  If you intend to run as root, you can set user=root in the config file to avoid this message.
2020-04-07 11:29:29,841 INFO supervisord started with pid 1
2020-04-07 11:29:30,846 INFO spawned: 'nginx' with pid 7
2020-04-07 11:29:30,853 INFO spawned: 'php-fpm' with pid 8
2020-04-07 11:29:31,906 INFO success: nginx entered RUNNING state, process has stayed up for > than 1 seconds (startsecs)
2020-04-07 11:29:31,906 INFO success: php-fpm entered RUNNING state, process has stayed up for > than 1 seconds (startsecs)
