2018-07-20 13:16:49,014 CRIT Supervisor running as root (no user in config file)
2018-07-20 13:16:49,017 INFO supervisord started with pid 1
2018-07-20 13:16:50,022 INFO spawned: 'nginx' with pid 16
2018-07-20 13:16:50,023 INFO spawned: 'php-fpm' with pid 17
2018-07-20 13:16:51,059 INFO success: nginx entered RUNNING state, process has stayed up for > than 1 seconds (startsecs)
2018-07-20 13:16:51,059 INFO success: php-fpm entered RUNNING state, process has stayed up for > than 1 seconds (startsecs)
2018-07-20 13:27:31,500 WARN received SIGTERM indicating exit request
2018-07-20 13:27:31,503 INFO waiting for nginx, php-fpm to die
2018-07-20 13:27:31,507 INFO stopped: php-fpm (exit status 0)
2018-07-20 13:27:31,508 INFO stopped: nginx (exit status 0)
2018-07-20 13:27:32,751 CRIT Supervisor running as root (no user in config file)
2018-07-20 13:27:32,755 INFO supervisord started with pid 1
2018-07-20 13:27:33,758 INFO spawned: 'nginx' with pid 14
2018-07-20 13:27:33,760 INFO spawned: 'php-fpm' with pid 15
2018-07-20 13:27:34,797 INFO success: nginx entered RUNNING state, process has stayed up for > than 1 seconds (startsecs)
2018-07-20 13:27:34,798 INFO success: php-fpm entered RUNNING state, process has stayed up for > than 1 seconds (startsecs)
2018-07-20 13:41:28,162 WARN received SIGTERM indicating exit request
2018-07-20 13:41:28,163 INFO waiting for nginx, php-fpm to die
2018-07-20 13:41:28,175 INFO stopped: php-fpm (exit status 0)
2018-07-20 13:41:28,185 INFO stopped: nginx (exit status 0)
2018-07-20 13:41:29,582 CRIT Supervisor running as root (no user in config file)
2018-07-20 13:41:29,585 INFO supervisord started with pid 1
2018-07-20 13:41:30,588 INFO spawned: 'nginx' with pid 15
2018-07-20 13:41:30,591 INFO spawned: 'php-fpm' with pid 16
2018-07-20 13:41:31,624 INFO success: nginx entered RUNNING state, process has stayed up for > than 1 seconds (startsecs)
2018-07-20 13:41:31,625 INFO success: php-fpm entered RUNNING state, process has stayed up for > than 1 seconds (startsecs)
2018-07-20 13:44:38,345 WARN received SIGTERM indicating exit request
2018-07-20 13:44:38,348 INFO waiting for nginx, php-fpm to die
2018-07-20 13:44:38,354 INFO stopped: php-fpm (exit status 0)
2018-07-20 13:44:38,362 INFO stopped: nginx (exit status 0)
2018-07-20 13:44:40,323 CRIT Supervisor running as root (no user in config file)
2018-07-20 13:44:40,328 INFO supervisord started with pid 1
2018-07-20 13:44:41,331 INFO spawned: 'nginx' with pid 14
2018-07-20 13:44:41,333 INFO spawned: 'php-fpm' with pid 15
2018-07-20 13:44:42,362 INFO success: nginx entered RUNNING state, process has stayed up for > than 1 seconds (startsecs)
2018-07-20 13:44:42,362 INFO success: php-fpm entered RUNNING state, process has stayed up for > than 1 seconds (startsecs)
2018-07-20 13:47:14,171 WARN received SIGTERM indicating exit request
2018-07-20 13:47:14,172 INFO waiting for nginx, php-fpm to die
2018-07-20 13:47:14,176 INFO stopped: php-fpm (exit status 0)
2018-07-20 13:47:14,178 INFO stopped: nginx (exit status 0)
2018-07-20 13:47:15,548 CRIT Supervisor running as root (no user in config file)
2018-07-20 13:47:15,552 INFO supervisord started with pid 1
2018-07-20 13:47:16,555 INFO spawned: 'nginx' with pid 8
2018-07-20 13:47:16,557 INFO spawned: 'php-fpm' with pid 9
2018-07-20 13:47:17,591 INFO success: nginx entered RUNNING state, process has stayed up for > than 1 seconds (startsecs)
2018-07-20 13:47:17,591 INFO success: php-fpm entered RUNNING state, process has stayed up for > than 1 seconds (startsecs)
2018-07-20 13:47:25,742 WARN received SIGTERM indicating exit request
2018-07-20 13:47:25,743 INFO waiting for nginx, php-fpm to die
2018-07-20 13:47:25,747 INFO stopped: php-fpm (exit status 0)
2018-07-20 13:47:25,749 INFO stopped: nginx (exit status 0)
2018-07-20 13:47:44,810 CRIT Supervisor running as root (no user in config file)
2018-07-20 13:47:44,813 INFO supervisord started with pid 1
2018-07-20 13:47:45,818 INFO spawned: 'nginx' with pid 9
2018-07-20 13:47:45,820 INFO spawned: 'php-fpm' with pid 10
2018-07-20 13:47:46,855 INFO success: nginx entered RUNNING state, process has stayed up for > than 1 seconds (startsecs)
2018-07-20 13:47:46,855 INFO success: php-fpm entered RUNNING state, process has stayed up for > than 1 seconds (startsecs)
2018-07-20 13:48:05,619 WARN received SIGTERM indicating exit request
2018-07-20 13:48:05,620 INFO waiting for nginx, php-fpm to die
2018-07-20 13:48:05,626 INFO stopped: php-fpm (exit status 0)
2018-07-20 13:48:05,628 INFO stopped: nginx (exit status 0)
2018-07-20 14:02:13,393 CRIT Supervisor running as root (no user in config file)
2018-07-20 14:02:13,404 INFO supervisord started with pid 1
2018-07-20 14:02:14,406 INFO spawned: 'nginx' with pid 9
2018-07-20 14:02:14,407 INFO spawned: 'php-fpm' with pid 10
2018-07-20 14:02:15,439 INFO success: nginx entered RUNNING state, process has stayed up for > than 1 seconds (startsecs)
2018-07-20 14:02:15,439 INFO success: php-fpm entered RUNNING state, process has stayed up for > than 1 seconds (startsecs)
2018-07-20 15:45:15,268 WARN received SIGTERM indicating exit request
2018-07-20 15:45:15,270 INFO waiting for nginx, php-fpm to die
2018-07-20 15:45:15,274 INFO stopped: php-fpm (exit status 0)
2018-07-20 15:45:15,277 INFO stopped: nginx (exit status 0)
2018-07-23 09:34:01,643 CRIT Supervisor running as root (no user in config file)
2018-07-23 09:34:01,646 INFO supervisord started with pid 1
2018-07-23 09:34:02,650 INFO spawned: 'php-fpm' with pid 9
2018-07-23 09:34:02,653 INFO spawned: 'nginx' with pid 10
2018-07-23 09:34:02,656 INFO spawned: 'clean_cache' with pid 11
2018-07-23 09:34:02,678 INFO exited: clean_cache (exit status 0; not expected)
2018-07-23 09:34:02,683 INFO gave up: clean_cache entered FATAL state, too many start retries too quickly
2018-07-23 09:34:03,696 INFO success: php-fpm entered RUNNING state, process has stayed up for > than 1 seconds (startsecs)
2018-07-23 09:34:03,696 INFO success: nginx entered RUNNING state, process has stayed up for > than 1 seconds (startsecs)
2018-07-23 09:34:43,683 WARN received SIGTERM indicating exit request
2018-07-23 09:34:43,684 INFO waiting for php-fpm, nginx to die
2018-07-23 09:34:44,687 INFO stopped: nginx (exit status 0)
2018-07-23 09:34:44,694 INFO stopped: php-fpm (exit status 0)
2018-07-23 09:34:50,762 CRIT Supervisor running as root (no user in config file)
2018-07-23 09:34:50,766 INFO supervisord started with pid 1
2018-07-23 09:34:51,770 INFO spawned: 'php-fpm' with pid 9
2018-07-23 09:34:51,773 INFO spawned: 'nginx' with pid 10
2018-07-23 09:34:51,775 INFO spawned: 'clean_cache' with pid 11
2018-07-23 09:34:51,791 INFO exited: clean_cache (exit status 0; not expected)
2018-07-23 09:34:51,798 INFO gave up: clean_cache entered FATAL state, too many start retries too quickly
2018-07-23 09:34:52,809 INFO success: php-fpm entered RUNNING state, process has stayed up for > than 1 seconds (startsecs)
2018-07-23 09:34:52,810 INFO success: nginx entered RUNNING state, process has stayed up for > than 1 seconds (startsecs)
2018-07-23 09:35:54,051 WARN received SIGTERM indicating exit request
2018-07-23 09:35:54,052 INFO waiting for php-fpm, nginx to die
2018-07-23 09:35:55,055 INFO stopped: nginx (exit status 0)
2018-07-23 09:35:55,059 INFO stopped: php-fpm (exit status 0)
2018-07-23 09:35:58,939 CRIT Supervisor running as root (no user in config file)
2018-07-23 09:35:58,943 INFO supervisord started with pid 1
2018-07-23 09:35:59,949 INFO spawned: 'php-fpm' with pid 8
2018-07-23 09:35:59,953 INFO spawned: 'nginx' with pid 9
2018-07-23 09:35:59,955 INFO spawned: 'clean_cache' with pid 10
2018-07-23 09:35:59,969 INFO exited: clean_cache (exit status 0; not expected)
2018-07-23 09:35:59,978 INFO gave up: clean_cache entered FATAL state, too many start retries too quickly
2018-07-23 09:36:00,991 INFO success: php-fpm entered RUNNING state, process has stayed up for > than 1 seconds (startsecs)
2018-07-23 09:36:00,991 INFO success: nginx entered RUNNING state, process has stayed up for > than 1 seconds (startsecs)
2018-07-23 09:55:11,550 WARN received SIGTERM indicating exit request
2018-07-23 09:55:11,552 INFO waiting for php-fpm, nginx to die
2018-07-23 09:55:12,555 INFO stopped: nginx (exit status 0)
2018-07-23 09:55:12,559 INFO stopped: php-fpm (exit status 0)
2018-07-23 09:55:22,736 CRIT Supervisor running as root (no user in config file)
2018-07-23 09:55:22,739 INFO supervisord started with pid 1
2018-07-23 09:55:23,743 INFO spawned: 'php-fpm' with pid 14
2018-07-23 09:55:23,745 INFO spawned: 'nginx' with pid 15
2018-07-23 09:55:23,747 INFO spawned: 'clean_cache' with pid 16
2018-07-23 09:55:24,029 INFO exited: clean_cache (exit status 0; not expected)
2018-07-23 09:55:25,031 INFO success: php-fpm entered RUNNING state, process has stayed up for > than 1 seconds (startsecs)
2018-07-23 09:55:25,031 INFO success: nginx entered RUNNING state, process has stayed up for > than 1 seconds (startsecs)
2018-07-23 09:55:25,031 INFO gave up: clean_cache entered FATAL state, too many start retries too quickly
2018-07-25 09:10:06,748 WARN received SIGTERM indicating exit request
2018-07-25 09:10:06,764 INFO waiting for php-fpm, nginx to die
2018-07-25 09:10:07,771 INFO stopped: nginx (exit status 0)
2018-07-25 09:10:07,775 INFO stopped: php-fpm (exit status 0)
2018-08-08 14:10:58,085 CRIT Supervisor running as root (no user in config file)
2018-08-08 14:10:58,088 INFO supervisord started with pid 1
2018-08-08 14:10:59,096 INFO spawned: 'php-fpm' with pid 8
2018-08-08 14:10:59,097 INFO spawned: 'nginx' with pid 9
2018-08-08 14:10:59,099 INFO spawned: 'clean_cache' with pid 10
2018-08-08 14:11:00,128 INFO success: php-fpm entered RUNNING state, process has stayed up for > than 1 seconds (startsecs)
2018-08-08 14:11:00,128 INFO success: nginx entered RUNNING state, process has stayed up for > than 1 seconds (startsecs)
2018-08-08 14:11:00,129 INFO success: clean_cache entered RUNNING state, process has stayed up for > than 1 seconds (startsecs)
2018-08-08 14:11:00,560 INFO exited: clean_cache (exit status 0; expected)
2018-08-09 10:44:50,364 WARN received SIGTERM indicating exit request
2018-08-09 10:44:50,366 INFO waiting for php-fpm, nginx to die
2018-08-09 10:44:51,370 INFO stopped: nginx (exit status 0)
2018-08-09 10:44:51,374 INFO stopped: php-fpm (exit status 0)
2018-08-09 10:44:52,646 CRIT Supervisor running as root (no user in config file)
2018-08-09 10:44:52,650 INFO supervisord started with pid 1
2018-08-09 10:44:53,653 INFO spawned: 'php-fpm' with pid 8
2018-08-09 10:44:53,655 INFO spawned: 'nginx' with pid 9
2018-08-09 10:44:53,657 INFO spawned: 'clean_cache' with pid 10
2018-08-09 10:44:54,693 INFO success: php-fpm entered RUNNING state, process has stayed up for > than 1 seconds (startsecs)
2018-08-09 10:44:54,693 INFO success: nginx entered RUNNING state, process has stayed up for > than 1 seconds (startsecs)
2018-08-09 10:44:54,693 INFO success: clean_cache entered RUNNING state, process has stayed up for > than 1 seconds (startsecs)
2018-08-09 10:44:57,218 INFO exited: clean_cache (exit status 0; expected)
